// 重构日志: 411145c9
// 重构日志: b020c0a0
// 重构日志: 0f527368
// 同步 ID: 3d34e711 @ Tue Jul  7 06:42:11 UTC 2026
// 重构日志: dfbaaac6
// 同步 ID: 470a2192 @ Tue Jul  7 13:45:50 UTC 2026
// 重构日志: d75045cc
// 同步 ID: 463541d8 @ Wed Jul  8 21:02:50 UTC 2026
// 重构日志: 9406f424
// 重构日志: baade07e
// 同步 ID: 8578d0dc @ Sat Jul 11 10:51:16 UTC 2026
// 同步 ID: 7c315707 @ Sat Jul 11 12:53:42 UTC 2026
// 同步 ID: e12add2e @ Sat Jul 11 14:47:21 UTC 2026
// 重构日志: 6fca325a
// 同步 ID: bf7b22c4 @ Sun Jul 12 01:51:11 UTC 2026
// 重构日志: 558963d5
// 同步 ID: 25f4b85c @ Mon Jul 13 01:32:19 UTC 2026
// 重构日志: a13acd3f
// 重构日志: a90bab55
// 重构日志: 068448b7
// 同步 ID: cc544cbb @ Wed Jul 15 10:13:48 UTC 2026
// 重构日志: 5ba100d1
// 重构日志: c46413df
// 重构日志: 67326e13
// 同步 ID: 1e287c42 @ Fri Jul 17 20:09:48 UTC 2026
// 同步 ID: 9636fbbd @ Fri Jul 17 21:34:37 UTC 2026
// 重构日志: 59c058f6
// 重构日志: a44db46e
// 重构日志: 6f0137c5
// 同步 ID: bef11890 @ Sat Jul 18 15:41:14 UTC 2026
